<?xml version="1.0" encoding="UTF-8"?>
<!-- Generated by org.testng.reporters.JUnitReportReporter -->
<testsuite skipped="0" hostname="ROHIT-PRO-PC" name="com.crm.vtiger.leadTest.CreateLeadTest" tests="2" failures="0" timestamp="2022-02-24T22:34:23 IST" time="28.426" errors="0">
  <testcase name="createLeadTest" time="12.872" classname="com.crm.vtiger.leadTest.CreateLeadTest"/>
  <system-out/>
  <testcase name="createLeadWithIndustryTest" time="15.554" classname="com.crm.vtiger.leadTest.CreateLeadTest"/>
  <system-out/>
</testsuite> <!-- com.crm.vtiger.leadTest.CreateLeadTest -->
