<?xml version="1.0" encoding="UTF-8"?>
<!-- Generated by org.testng.reporters.JUnitReportReporter -->
<testsuite skipped="0" hostname="ROHIT-PRO-PC" name="com.crm.vtiger.orgTest.CreateOrg" tests="1" failures="0" timestamp="2022-02-01T15:31:18 IST" time="17.942" errors="0">
  <testcase name="createOrgTest" time="17.942" classname="com.crm.vtiger.orgTest.CreateOrg"/>
  <system-out/>
</testsuite> <!-- com.crm.vtiger.orgTest.CreateOrg -->
