<?xml version="1.0" encoding="UTF-8"?>
<!-- Generated by org.testng.reporters.JUnitReportReporter -->
<testsuite skipped="0" hostname="ROHIT-PRO-PC" name="com.crm.vtiger.orgTest.CreateOrgTest" tests="1" failures="0" timestamp="2022-02-24T22:34:23 IST" time="17.309" errors="0">
  <testcase name="createOrgTest" time="17.309" classname="com.crm.vtiger.orgTest.CreateOrgTest"/>
  <system-out/>
</testsuite> <!-- com.crm.vtiger.orgTest.CreateOrgTest -->
