<?xml version="1.0" encoding="UTF-8"?>
<!-- Generated by org.testng.reporters.JUnitReportReporter -->
<testsuite skipped="0" hostname="ROHIT-PRO-PC" name="com.crm.vtiger.leadTest.CreateLeadTest" tests="2" failures="0" timestamp="2022-02-02T14:56:15 IST" time="20.227" errors="0">
  <testcase name="createLeadTest" time="10.579" classname="com.crm.vtiger.leadTest.CreateLeadTest"/>
  <system-out/>
  <testcase name="createLeadWithIndustryTest" time="9.648" classname="com.crm.vtiger.leadTest.CreateLeadTest"/>
  <system-out/>
</testsuite> <!-- com.crm.vtiger.leadTest.CreateLeadTest -->
