<?xml version="1.0" encoding="UTF-8"?>
<!-- Generated by org.testng.reporters.JUnitReportReporter -->
<testsuite skipped="0" hostname="ROHIT-PRO-PC" name="com.crm.vtiger.leadTest.CreateLeadTest" tests="2" failures="0" timestamp="2022-02-03T14:54:13 IST" time="19.671" errors="0">
  <testcase name="createLeadTest" time="9.433" classname="com.crm.vtiger.leadTest.CreateLeadTest"/>
  <system-out/>
  <testcase name="createLeadWithIndustryTest" time="10.238" classname="com.crm.vtiger.leadTest.CreateLeadTest"/>
  <system-out/>
</testsuite> <!-- com.crm.vtiger.leadTest.CreateLeadTest -->
